Build started 28-10-2013 12.26.20 AM.
     1>Project "D:\Dropbox\padai\Sem 7\Speech Processing\KMeans+LBG\KMeans+LBG\KMeans+LBG\KMeans+LBG.vcxproj" on node 2 (build target(s)).
     1>InitializeBuildStatus:
         Creating "Debug\KMeans+LBG.unsuccessfulbuild" because "AlwaysCreate" was specified.
       ClCompile:
         C:\Program Files (x86)\Microsoft Visual Studio 10.0\VC\bin\CL.exe /c /ZI /nologo /W3 /WX- /Od /Oy- /D _MBCS /Gm /EHsc /RTC1 /MDd /GS /fp:precise /Zc:wchar_t /Zc:forScope /Fo"Debug\\" /Fd"Debug\vc100.pdb" /Gd /TP /analyze- /errorReport:prompt classifier.cpp
         classifier.cpp
       Link:
         C:\Program Files (x86)\Microsoft Visual Studio 10.0\VC\bin\link.exe /ERRORREPORT:PROMPT /OUT:"D:\Dropbox\padai\Sem 7\Speech Processing\KMeans+LBG\KMeans+LBG\Debug\KMeans+LBG.exe" /NOLOGO kernel32.lib user32.lib gdi32.lib winspool.lib comdlg32.lib advapi32.lib shell32.lib ole32.lib oleaut32.lib uuid.lib odbc32.lib odbccp32.lib /MANIFEST /ManifestFile:"Debug\KMeans+LBG.exe.intermediate.manifest" /MANIFESTUAC:"level='asInvoker' uiAccess='false'" /DEBUG /PDB:"D:\Dropbox\padai\Sem 7\Speech Processing\KMeans+LBG\KMeans+LBG\Debug\KMeans+LBG.pdb" /TLBID:1 /DYNAMICBASE /NXCOMPAT /IMPLIB:"D:\Dropbox\padai\Sem 7\Speech Processing\KMeans+LBG\KMeans+LBG\Debug\KMeans+LBG.lib" /MACHINE:X86 Debug\classifier.obj
         Debug\kmeans.obj
         LINK : D:\Dropbox\padai\Sem 7\Speech Processing\KMeans+LBG\KMeans+LBG\Debug\KMeans+LBG.exe not found or not built by the last incremental link; performing full link
         KMeans+LBG.vcxproj -> D:\Dropbox\padai\Sem 7\Speech Processing\KMeans+LBG\KMeans+LBG\Debug\KMeans+LBG.exe
       Manifest:
         C:\Program Files (x86)\Microsoft SDKs\Windows\v7.0A\bin\mt.exe /nologo /verbose /outputresource:"D:\Dropbox\padai\Sem 7\Speech Processing\KMeans+LBG\KMeans+LBG\Debug\KMeans+LBG.exe;#1" /manifest Debug\KMeans+LBG.exe.intermediate.manifest
       FinalizeBuildStatus:
         Deleting file "Debug\KMeans+LBG.unsuccessfulbuild".
         Touching "Debug\KMeans+LBG.lastbuildstate".
     1>Done Building Project "D:\Dropbox\padai\Sem 7\Speech Processing\KMeans+LBG\KMeans+LBG\KMeans+LBG\KMeans+LBG.vcxproj" (build target(s)).

Build succeeded.

Time Elapsed 00:00:03.43
